thinking/manifest-merger-release-report.txt
-- Merging decision tree log ---
manifest
ADDED from AndroidManifest.xml:2:1
	package
		ADDED from AndroidManifest.xml:3:5
		INJECTED from AndroidManifest.xml:0:0
		INJECTED from AndroidManifest.xml:0:0
	android:versionName
		INJECTED from AndroidManifest.xml:0:0
		INJECTED from AndroidManifest.xml:0:0
	xmlns:android
		ADDED from AndroidManifest.xml:4:5
	android:versionCode
		INJECTED from AndroidManifest.xml:0:0
		INJECTED from AndroidManifest.xml:0:0
uses-permission#android.permission.INTERNET
ADDED from AndroidManifest.xml:6:5
	android:name
		ADDED from AndroidManifest.xml:6:22
uses-permission#android.permission.GET_TASKS
ADDED from AndroidManifest.xml:9:5
	android:name
		ADDED from AndroidManifest.xml:9:22
uses-permission#android.permission.ACCESS_WIFI_STATE
ADDED from AndroidManifest.xml:11:5
	android:name
		ADDED from AndroidManifest.xml:11:22
uses-permission#android.permission.ACCESS_NETWORK_STATE
ADDED from AndroidManifest.xml:12:5
	android:name
		ADDED from AndroidManifest.xml:12:22
uses-permission#android.permission.CHANGE_WIFI_STATE
ADDED from AndroidManifest.xml:13:5
	android:name
		ADDED from AndroidManifest.xml:13:22
uses-permission#android.permission.WRITE_EXTERNAL_STORAGE
ADDED from AndroidManifest.xml:14:5
	android:name
		ADDED from AndroidManifest.xml:14:22
uses-permission#android.permission.READ_PHONE_STATE
ADDED from AndroidManifest.xml:15:5
	android:name
		ADDED from AndroidManifest.xml:15:22
uses-permission#android.permission.MANAGE_ACCOUNTS
ADDED from AndroidManifest.xml:16:5
	android:name
		ADDED from AndroidManifest.xml:16:22
uses-permission#android.permission.GET_ACCOUNTS
ADDED from AndroidManifest.xml:17:5
	android:name
		ADDED from AndroidManifest.xml:17:22
uses-permission#android.permission.BLUETOOTH
ADDED from AndroidManifest.xml:19:5
	android:name
		ADDED from AndroidManifest.xml:19:22
uses-permission#android.permission.BLUETOOTH_ADMIN
ADDED from AndroidManifest.xml:20:5
	android:name
		ADDED from AndroidManifest.xml:20:22
application
ADDED from AndroidManifest.xml:22:5
MERGED from com.android.support:appcompat-v7:23.1.1:22:5
MERGED from com.android.support:support-v4:23.1.1:22:5
MERGED from com.android.support:support-v4:23.1.1:22:5
MERGED from com.android.support:design:23.1.1:22:5
MERGED from com.android.support:appcompat-v7:23.1.1:22:5
MERGED from com.android.support:support-v4:23.1.1:22:5
MERGED from com.android.support:support-v4:23.1.1:22:5
MERGED from com.android.support:support-v4:23.1.1:22:5
MERGED from com.android.support:support-v4:23.1.1:22:5
MERGED from com.android.support:appcompat-v7:23.1.1:22:5
MERGED from com.android.support:support-v4:23.1.1:22:5
	android:label
		ADDED from AndroidManifest.xml:25:9
	android:supportsRtl
		ADDED from AndroidManifest.xml:26:9
	android:allowBackup
		ADDED from AndroidManifest.xml:23:9
	android:icon
		ADDED from AndroidManifest.xml:24:9
	android:theme
		ADDED from AndroidManifest.xml:27:9
activity#com.zc741.thinking.SplashActivity
ADDED from AndroidManifest.xml:28:9
	android:label
		ADDED from AndroidManifest.xml:30:13
	android:theme
		ADDED from AndroidManifest.xml:31:13
	android:name
		ADDED from AndroidManifest.xml:29:13
intent-filter#android.intent.action.MAIN+android.intent.category.LAUNCHER
ADDED from AndroidManifest.xml:32:13
action#android.intent.action.MAIN
ADDED from AndroidManifest.xml:33:17
	android:name
		ADDED from AndroidManifest.xml:33:25
category#android.intent.category.LAUNCHER
ADDED from AndroidManifest.xml:35:17
	android:name
		ADDED from AndroidManifest.xml:35:27
activity#com.zc741.thinking.MainActivity
ADDED from AndroidManifest.xml:38:9
	android:name
		ADDED from AndroidManifest.xml:38:19
activity#com.mob.tools.MobUIShell
ADDED from AndroidManifest.xml:41:9
	android:screenOrientation
		ADDED from AndroidManifest.xml:44:13
	android:windowSoftInputMode
		ADDED from AndroidManifest.xml:46:13
	android:configChanges
		ADDED from AndroidManifest.xml:43:13
	android:theme
		ADDED from AndroidManifest.xml:45:13
	android:name
		ADDED from AndroidManifest.xml:42:13
intent-filter#android.intent.action.VIEW+android.intent.category.BROWSABLE+android.intent.category.DEFAULT
ADDED from AndroidManifest.xml:47:13
data
ADDED from AndroidManifest.xml:48:17
	android:scheme
		ADDED from AndroidManifest.xml:48:23
action#android.intent.action.VIEW
ADDED from AndroidManifest.xml:49:17
	android:name
		ADDED from AndroidManifest.xml:49:25
category#android.intent.category.BROWSABLE
ADDED from AndroidManifest.xml:51:17
	android:name
		ADDED from AndroidManifest.xml:51:27
category#android.intent.category.DEFAULT
ADDED from AndroidManifest.xml:52:17
	android:name
		ADDED from AndroidManifest.xml:52:27
intent-filter#android.intent.category.DEFAULT+com.sina.weibo.sdk.action.ACTION_SDK_REQ_ACTIVITY
ADDED from AndroidManifest.xml:55:13
action#com.sina.weibo.sdk.action.ACTION_SDK_REQ_ACTIVITY
ADDED from AndroidManifest.xml:56:17
	android:name
		ADDED from AndroidManifest.xml:56:25
activity#com.zc741.thinking.wxapi.WXEntryActivity
ADDED from AndroidManifest.xml:62:9
	android:screenOrientation
		ADDED from AndroidManifest.xml:66:13
	android:exported
		ADDED from AndroidManifest.xml:65:13
	android:configChanges
		ADDED from AndroidManifest.xml:64:13
	android:theme
		ADDED from AndroidManifest.xml:67:13
	android:name
		ADDED from AndroidManifest.xml:63:13
activity#cn.sharesdk.sina.weibo.SinaActivity
ADDED from AndroidManifest.xml:70:9
	android:theme
		ADDED from AndroidManifest.xml:72:13
	android:name
		ADDED from AndroidManifest.xml:71:13
activity#com.zc741.thinking.ItemDrawerleft.AboutActivity
ADDED from AndroidManifest.xml:79:9
	android:label
		ADDED from AndroidManifest.xml:81:13
	android:name
		ADDED from AndroidManifest.xml:80:13
activity#com.zc741.thinking.ItemDrawerleft.ContributeActivity
ADDED from AndroidManifest.xml:83:9
	android:label
		ADDED from AndroidManifest.xml:85:13
	android:name
		ADDED from AndroidManifest.xml:84:13
activity#com.zc741.thinking.ItemDrawerleft.PublishActivity
ADDED from AndroidManifest.xml:87:9
	android:label
		ADDED from AndroidManifest.xml:89:13
	android:name
		ADDED from AndroidManifest.xml:88:13
activity#com.zc741.thinking.ItemDrawerleft.VersionActivity
ADDED from AndroidManifest.xml:91:9
	android:label
		ADDED from AndroidManifest.xml:93:13
	android:name
		ADDED from AndroidManifest.xml:92:13
uses-sdk
INJECTED from AndroidManifest.xml:0:0 reason: use-sdk injection requested
MERGED from com.android.support:appcompat-v7:23.1.1:20:5
MERGED from com.android.support:support-v4:23.1.1:20:5
MERGED from com.android.support:support-v4:23.1.1:20:5
MERGED from com.android.support:design:23.1.1:20:5
MERGED from com.android.support:appcompat-v7:23.1.1:20:5
MERGED from com.android.support:support-v4:23.1.1:20:5
MERGED from com.android.support:recyclerview-v7:23.1.1:20:5
MERGED from com.android.support:support-v4:23.1.1:20:5
MERGED from com.android.support:support-v4:23.1.1:20:5
MERGED from Thinking:library:unspecified:7:5
MERGED from com.android.support:support-v4:23.1.1:20:5
MERGED from com.android.support:appcompat-v7:23.1.1:20:5
MERGED from com.android.support:support-v4:23.1.1:20:5
	android:targetSdkVersion
		INJECTED from AndroidManifest.xml:0:0
		INJECTED from AndroidManifest.xml:0:0
	android:minSdkVersion
		INJECTED from AndroidManifest.xml:0:0
		INJECTED from AndroidManifest.xml:0:0